<?xml version="1.0" encoding="UTF-8"?>
<testsuite xmlns:xsi="http://www.w3.org/2001/XMLSchema-instance" xsi:noNamespaceSchemaLocation="https://maven.apache.org/surefire/maven-surefire-plugin/xsd/surefire-test-report-3.0.xsd" version="3.0" name="com.ecommerce.poc.FrontendCompatibilityTest" time="2.443" tests="1" errors="0" skipped="0" failures="0">
  <properties>
[...]
</properties>
  <testcase name="configAndSessionEndpointsAreCompatibleWithTheFrontend" classname="com.ecommerce.poc.FrontendCompatibilityTest" time="0.301">
    <system-out><![CDATA[2026-09-24T17:46:04.544+05:30  INFO 3560 --- [ecommerce-poc] [           main] t.c.s.AnnotationConfigContextLoaderUtils : Could not detect default configuration classes for test class [com.ecommerce.poc.FrontendCompatibilityTest]: FrontendCompatibilityTest does not declare any static, non-private, non-final, nested classes annotated with @Configuration.
2026-09-24T17:46:04.560+05:30  INFO 3560 --- [ecommerce-poc] [           main] .b.t.c.SpringBootTestContextBootstrapper : Found @SpringBootConfiguration com.ecommerce.poc.EcommerceApplication for test class com.ecommerce.poc.FrontendCompatibilityTest

  .   ____          _            __ _ _
 /\\ / ___'_ __ _ _(_)_ __  __ _ \ \ \ \
( ( )\___ | '_ | '_| | '_ \/ _` | \ \ \ \
 \\/  ___)| |_)| | | | | || (_| |  ) ) ) )
  '  |____| .__|_| |_|_| |_\__, | / / / /
 =========|_|==============|___/=/_/_/_/

 :: Spring Boot ::                (v3.3.5)

2026-09-24T17:46:04.620+05:30  INFO 3560 --- [ecommerce-poc] [           main] c.e.poc.FrontendCompatibilityTest        : Starting FrontendCompatibilityTest using Java 21.0.12 with PID 3560 (started by PKL4KOR in C:\bosch\poc\backend)
2026-09-24T17:46:04.620+05:30  INFO 3560 --- [ecommerce-poc] [           main] c.e.poc.FrontendCompatibilityTest        : The following 1 profile is active: "test"
2026-09-24T17:46:05.037+05:30  INFO 3560 --- [ecommerce-poc] [           main] .s.d.r.c.RepositoryConfigurationDelegate : Bootstrapping Spring Data JPA repositories in DEFAULT mode.
2026-09-24T17:46:05.070+05:30  INFO 3560 --- [ecommerce-poc] [           main] .s.d.r.c.RepositoryConfigurationDelegate : Finished Spring Data repository scanning in 28 ms. Found 8 JPA repository interfaces.
2026-09-24T17:46:05.212+05:30  INFO 3560 --- [ecommerce-poc] [           main] o.hibernate.jpa.internal.util.LogHelper  : HHH000204: Processing PersistenceUnitInfo [name: default]
2026-09-24T17:46:05.220+05:30  INFO 3560 --- [ecommerce-poc] [           main] o.h.c.internal.RegionFactoryInitiator    : HHH000026: Second-level cache disabled
2026-09-24T17:46:05.220+05:30  INFO 3560 --- [ecommerce-poc] [           main] o.s.o.j.p.SpringPersistenceUnitInfo      : No LoadTimeWeaver setup: ignoring JPA class transformer
2026-09-24T17:46:05.236+05:30  INFO 3560 --- [ecommerce-poc] [           main] com.zaxxer.hikari.HikariDataSource       : HikariPool-2 - Starting...
2026-09-24T17:46:05.237+05:30  INFO 3560 --- [ecommerce-poc] [           main] com.zaxxer.hikari.pool.HikariPool        : HikariPool-2 - Added connection org.sqlite.jdbc4.JDBC4Connection@371c7b39
2026-09-24T17:46:05.237+05:30  INFO 3560 --- [ecommerce-poc] [           main] com.zaxxer.hikari.HikariDataSource       : HikariPool-2 - Start completed.
2026-09-24T17:46:05.537+05:30  INFO 3560 --- [ecommerce-poc] [           main] o.h.e.t.j.p.i.JtaPlatformInitiator       : HHH000489: No JTA platform available (set 'hibernate.transaction.jta.platform' to enable JTA platform integration)
2026-09-24T17:46:05.672+05:30  INFO 3560 --- [ecommerce-poc] [           main] j.LocalContainerEntityManagerFactoryBean : Initialized JPA EntityManagerFactory for persistence unit 'default'
2026-09-24T17:46:05.937+05:30  INFO 3560 --- [ecommerce-poc] [           main] r$InitializeUserDetailsManagerConfigurer : Global AuthenticationManager configured with UserDetailsService bean with name inMemoryUserDetailsManager
2026-09-24T17:46:06.270+05:30  INFO 3560 --- [ecommerce-poc] [           main] o.s.b.t.m.w.SpringBootMockServletContext : Initializing Spring TestDispatcherServlet ''
2026-09-24T17:46:06.270+05:30  INFO 3560 --- [ecommerce-poc] [           main] o.s.t.web.servlet.TestDispatcherServlet  : Initializing Servlet ''
2026-09-24T17:46:06.286+05:30  INFO 3560 --- [ecommerce-poc] [           main] o.s.t.web.servlet.TestDispatcherServlet  : Completed initialization in 16 ms
2026-09-24T17:46:06.293+05:30  INFO 3560 --- [ecommerce-poc] [           main] c.e.poc.FrontendCompatibilityTest        : Started FrontendCompatibilityTest in 1.722 seconds (process running for 16.602)
]]></system-out>
  </testcase>
</testsuite>